--------------------------------------------------
-----Marvellous Platform Surveillance System-----
Log created at : Sat Feb  7 21:11:48 2026
--------------------------------------------------

----------------System report-----------------------
CPU usage: 2.6 %
--------------------------------------------------
Ram usage : 48.1 %
--------------------------------------------------

 Disk usage report
--------------------------------------------------
C:\ ->94.2 % used
--------------------------------------------------

 Network Usage reportSent : 0.00 MB
Recv : 0.00 MB
--------------------------------------------------
PID : 0
Name : System Idle Process
UserName : NT AUTHORITY\SYSTEM
Status : running
Start time  : 0.0
CPU % : 1106.00
